<?xml version="1.0" encoding="UTF-8"?>
<testng-results ignored="0" total="1" passed="1" failed="0" skipped="0">
  <reporter-output>
  </reporter-output>
  <suite started-at="2024-01-29T04:00:40 EET" name="Default suite" finished-at="2024-01-29T04:00:50 EET" duration-ms="9916">
    <groups>
    </groups>
    <test started-at="2024-01-29T04:00:40 EET" name="Default test" finished-at="2024-01-29T04:00:50 EET" duration-ms="9916">
      <class name="myFirstProject.SignUp">
        <test-method is-config="true" signature="mySetup()[pri:0, instance:myFirstProject.SignUp@1e1d3956]" started-at="2024-01-29T04:00:40 EET" name="mySetup" finished-at="2024-01-29T04:00:40 EET" duration-ms="163" status="PASS">
          <reporter-output>
          </reporter-output>
        </test-method> <!-- mySetup -->
        <test-method signature="myFirstTest()[pri:0, instance:myFirstProject.SignUp@1e1d3956]" started-at="2024-01-29T04:00:40 EET" name="myFirstTest" finished-at="2024-01-29T04:00:50 EET" duration-ms="9696" status="PASS">
          <reporter-output>
          </reporter-output>
        </test-method> <!-- myFirstTest -->
      </class> <!-- myFirstProject.SignUp -->
    </test> <!-- Default test -->
  </suite> <!-- Default suite -->
</testng-results>
